[Sun Apr 14 22:36:54 2024] Last modified time of C:/Users/10560/Desktop/qt_tests/A\B2\wallhaven-2y6wwg.jpgThu Dec 21 11:58:03 2023

[Sun Apr 14 22:36:54 2024] Last modified time of C:/Users/10560/Desktop/qt_tests/A\C2\56.txtWed Apr 10 14:43:38 2024

[Sun Apr 14 22:36:54 2024] Last modified time of C:/Users/10560/Desktop/驾照\科目一.docxThu Mar 28 23:17:44 2024

[Sun Apr 14 22:36:54 2024] Last modified time of C:/Users/10560/Desktop/驾照\科目一.pdfSun Mar 24 19:32:45 2024

[Sun Apr 14 22:36:54 2024] Last modified time of C:/Users/10560/Desktop/驾照\科目一plus.pdfThu Mar 28 23:24:10 2024

[Sun Apr 14 22:36:54 2024] Last modified time of C:/Users/10560/Desktop/驾照\科目一视频笔记精华版.pdfSun Mar 24 15:31:15 2024

[Sun Apr 14 22:36:54 2024] Last modified time of C:/Users/10560/Desktop/驾照\错题.docxSun Mar 24 16:42:20 2024

[Sun Apr 14 22:39:10 2024] Last modified time of C:/Users/10560/Desktop/qt_tests/A\B2\wallhaven-2y6wwg.jpgThu Dec 21 11:58:03 2023

[Sun Apr 14 22:39:10 2024] Last modified time of C:/Users/10560/Desktop/qt_tests/A\C2\56.txtWed Apr 10 14:43:38 2024

[Sun Apr 14 22:39:10 2024] Last modified time of C:/Users/10560/Desktop/驾照\科目一.docxThu Mar 28 23:17:44 2024

[Sun Apr 14 22:39:10 2024] Last modified time of C:/Users/10560/Desktop/驾照\科目一.pdfSun Mar 24 19:32:45 2024

[Sun Apr 14 22:39:10 2024] Last modified time of C:/Users/10560/Desktop/驾照\科目一plus.pdfThu Mar 28 23:24:10 2024

[Sun Apr 14 22:39:10 2024] Last modified time of C:/Users/10560/Desktop/驾照\科目一视频笔记精华版.pdfSun Mar 24 15:31:15 2024

[Sun Apr 14 22:39:10 2024] Last modified time of C:/Users/10560/Desktop/驾照\错题.docxSun Mar 24 16:42:20 2024

[Mon Apr 15 10:18:31 2024] Last modified time of C:/Users/10560/Desktop/qt_tests/A\B2\wallhaven-2y6wwg.jpgThu Dec 21 11:58:03 2023

[Mon Apr 15 10:18:31 2024] Last modified time of C:/Users/10560/Desktop/qt_tests/A\C2\56.txtWed Apr 10 14:43:38 2024

[Mon Apr 15 10:18:31 2024] Last modified time of C:/Users/10560/Desktop/驾照\科目一.docxThu Mar 28 23:17:44 2024

[Mon Apr 15 10:18:31 2024] Last modified time of C:/Users/10560/Desktop/驾照\科目一.pdfSun Mar 24 19:32:45 2024

[Mon Apr 15 10:18:31 2024] Last modified time of C:/Users/10560/Desktop/驾照\科目一plus.pdfThu Mar 28 23:24:10 2024

[Mon Apr 15 10:18:31 2024] Last modified time of C:/Users/10560/Desktop/驾照\科目一视频笔记精华版.pdfSun Mar 24 15:31:15 2024

[Mon Apr 15 10:18:31 2024] Last modified time of C:/Users/10560/Desktop/驾照\错题.docxSun Mar 24 16:42:20 2024

[Mon Apr 15 10:18:49 2024] Last modified time of C:/Users/10560/Desktop/qt_tests/A\B2\wallhaven-2y6wwg.jpgThu Dec 21 11:58:03 2023

[Mon Apr 15 10:18:49 2024] Last modified time of C:/Users/10560/Desktop/qt_tests/A\C2\56.txtWed Apr 10 14:43:38 2024

[Mon Apr 15 10:18:49 2024] Last modified time of C:/Users/10560/Desktop/驾照\科目一.docxThu Mar 28 23:17:44 2024

[Mon Apr 15 10:18:49 2024] Last modified time of C:/Users/10560/Desktop/驾照\科目一.pdfSun Mar 24 19:32:45 2024

[Mon Apr 15 10:18:49 2024] Last modified time of C:/Users/10560/Desktop/驾照\科目一plus.pdfThu Mar 28 23:24:10 2024

[Mon Apr 15 10:18:49 2024] Last modified time of C:/Users/10560/Desktop/驾照\科目一视频笔记精华版.pdfSun Mar 24 15:31:15 2024

[Mon Apr 15 10:18:49 2024] Last modified time of C:/Users/10560/Desktop/驾照\错题.docxSun Mar 24 16:42:20 2024

[Mon Apr 15 10:21:03 2024] Last modified time of C:/Users/10560/Desktop/qt_tests/A\B2\wallhaven-2y6wwg.jpgThu Dec 21 11:58:03 2023

[Mon Apr 15 10:21:03 2024] Last modified time of C:/Users/10560/Desktop/qt_tests/A\C2\56.txtWed Apr 10 14:43:38 2024

[Mon Apr 15 10:21:03 2024] Last modified time of C:/Users/10560/Desktop/驾照\科目一.docxThu Mar 28 23:17:44 2024

[Mon Apr 15 10:21:03 2024] Last modified time of C:/Users/10560/Desktop/驾照\科目一.pdfSun Mar 24 19:32:45 2024

[Mon Apr 15 10:21:03 2024] Last modified time of C:/Users/10560/Desktop/驾照\科目一plus.pdfThu Mar 28 23:24:10 2024

[Mon Apr 15 10:21:03 2024] Last modified time of C:/Users/10560/Desktop/驾照\科目一视频笔记精华版.pdfSun Mar 24 15:31:15 2024

[Mon Apr 15 10:21:03 2024] Last modified time of C:/Users/10560/Desktop/驾照\错题.docxSun Mar 24 16:42:20 2024

[Mon Apr 15 11:00:20 2024] Last modified time of C:/Users/10560/Desktop/qt_tests/A\B2\wallhaven-2y6wwg.jpgThu Dec 21 11:58:03 2023

[Mon Apr 15 11:00:20 2024] Last modified time of C:/Users/10560/Desktop/qt_tests/A\C2\56.txtWed Apr 10 14:43:38 2024

[Mon Apr 15 11:00:20 2024] Last modified time of C:/Users/10560/Desktop/驾照\科目一.docxThu Mar 28 23:17:44 2024

[Mon Apr 15 11:00:20 2024] Last modified time of C:/Users/10560/Desktop/驾照\科目一.pdfSun Mar 24 19:32:45 2024

[Mon Apr 15 11:00:20 2024] Last modified time of C:/Users/10560/Desktop/驾照\科目一plus.pdfThu Mar 28 23:24:10 2024

[Mon Apr 15 11:00:20 2024] Last modified time of C:/Users/10560/Desktop/驾照\科目一视频笔记精华版.pdfSun Mar 24 15:31:15 2024

[Mon Apr 15 11:00:20 2024] Last modified time of C:/Users/10560/Desktop/驾照\错题.docxSun Mar 24 16:42:20 2024

